{"synthetic": false,
 "schemaVersion": "2025-09-10",
 "outputs":
 {"o": ["015a9a332ced0e29.olean"],
  "i": "ed67ac07daccba6f.ilean",
  "c": "cdadc7ffdac3dabf.c"},
 "log":
 [{"message":
   ".> LEAN_PATH=/Users/spalmieri/Desktop/WispyScheme/lean/.lake/packages/Cli/.lake/build/lib/lean:/Users/spalmieri/Desktop/WispyScheme/lean/.lake/packages/batteries/.lake/build/lib/lean:/Users/spalmieri/Desktop/WispyScheme/lean/.lake/packages/Qq/.lake/build/lib/lean:/Users/spalmieri/Desktop/WispyScheme/lean/.lake/packages/aesop/.lake/build/lib/lean:/Users/spalmieri/Desktop/WispyScheme/lean/.lake/packages/proofwidgets/.lake/build/lib/lean:/Users/spalmieri/Desktop/WispyScheme/lean/.lake/packages/importGraph/.lake/build/lib/lean:/Users/spalmieri/Desktop/WispyScheme/lean/.lake/packages/LeanSearchClient/.lake/build/lib/lean:/Users/spalmieri/Desktop/WispyScheme/lean/.lake/packages/plausible/.lake/build/lib/lean:/Users/spalmieri/Desktop/WispyScheme/lean/.lake/packages/mathlib/.lake/build/lib/lean:/Users/spalmieri/Desktop/WispyScheme/lean/.lake/build/lib/lean /Users/spalmieri/.elan/toolchains/leanprover--lean4---v4.28.0/bin/lean /Users/spalmieri/Desktop/WispyScheme/lean/WispyScheme.lean -o /Users/spalmieri/Desktop/WispyScheme/lean/.lake/build/lib/lean/WispyScheme.olean -i /Users/spalmieri/Desktop/WispyScheme/lean/.lake/build/lib/lean/WispyScheme.ilean -c /Users/spalmieri/Desktop/WispyScheme/lean/.lake/build/ir/WispyScheme.c --setup /Users/spalmieri/Desktop/WispyScheme/lean/.lake/build/ir/WispyScheme.setup.json --json",
   "level": "trace"}],
 "inputs":
 [["WispyScheme:deps",
   [["deps",
     [["WispyScheme/WispyScheme:extraDep",
       [["@WispyScheme:extraDep", "00000000000006bb"]]],
      ["imports",
       [["Mathlib.Data.Fintype.Basic transitive imports (legacy)",
         "4e94253bc0d7cbb5"],
        ["Mathlib.Data.Fintype.Basic:importAllArts", "17fb2da79acf29b9"]]]]],
    ["libs",
     [["import dynlibs", "00000000000006bb"],
      ["package external libraries", "00000000000006bb"],
      ["module dynlibs", "00000000000006bb"],
      ["module plugins", "00000000000006bb"]]]]],
  ["Lean 4.28.0, commit 7e01a1bf5c70fc6167d49c345d3bf80596e9a79b",
   "a96bc04a2e5e9630"],
  ["/Users/spalmieri/Desktop/WispyScheme/lean/WispyScheme.lean",
   "6d1e748e8c6a8fed"],
  ["options", [["-DautoImplicit=false", "4a85acb881fd49d0"]]],
  ["Module.leanArgs: #[]", "00000000000006bb"]],
 "depHash": "80ef23fc9f2ad972"}